2025-08-27 14:24:51 - INFO - root - __init__.py:127 - VibeCulling 시작 (버전: 25.08.06)
2025-08-27 14:24:51 - INFO - root - __init__.py:127 - VibeCulling 시작 (버전: 25.08.06)
2025-08-27 14:24:51 - INFO - root - __init__.py:127 - VibeCulling 시작 (버전: 25.08.06)
2025-08-27 14:25:19 - INFO - root - __init__.py:127 - VibeCulling 시작 (버전: 25.08.06)
2025-08-27 14:25:19 - INFO - root - __init__.py:127 - VibeCulling 시작 (버전: 25.08.06)
2025-08-27 14:25:19 - INFO - root - __init__.py:127 - VibeCulling 시작 (버전: 25.08.06)
2025-08-27 14:27:11 - INFO - root - __init__.py:127 - VibeCulling 시작 (버전: 25.08.06)
2025-08-27 14:27:11 - INFO - root - __init__.py:127 - VibeCulling 시작 (버전: 25.08.06)
2025-08-27 14:27:11 - INFO - root - __init__.py:127 - VibeCulling 시작 (버전: 25.08.06)
2025-08-27 14:27:47 - INFO - root - __init__.py:127 - VibeCulling 시작 (버전: 25.08.06)
2025-08-27 14:27:47 - INFO - root - __init__.py:127 - VibeCulling 시작 (버전: 25.08.06)
2025-08-27 14:27:47 - INFO - root - __init__.py:127 - VibeCulling 시작 (버전: 25.08.06)
2025-08-27 14:28:38 - INFO - root - __init__.py:127 - VibeCulling 시작 (버전: 25.08.06)
2025-08-27 14:28:38 - INFO - root - __init__.py:127 - VibeCulling 시작 (버전: 25.08.06)
2025-08-27 14:28:38 - INFO - root - __init__.py:127 - VibeCulling 시작 (버전: 25.08.06)
2025-08-27 14:29:22 - INFO - root - __init__.py:127 - VibeCulling 시작 (버전: 25.08.06)
2025-08-27 14:29:22 - INFO - root - __init__.py:127 - VibeCulling 시작 (버전: 25.08.06)
2025-08-27 14:29:22 - INFO - root - __init__.py:127 - VibeCulling 시작 (버전: 25.08.06)
2025-08-27 14:29:22 - INFO - root - app_main.py:25 - HEIF/HEIC 지원이 활성화되었습니다. (main에서 등록)
2025-08-27 14:29:22 - INFO - root - app_main.py:25 - HEIF/HEIC 지원이 활성화되었습니다. (main에서 등록)
2025-08-27 14:29:22 - INFO - root - app_main.py:39 - 잠금 파일 위치: /Users/meo/Library/Application Support/VibeCulling/vibeculling.lock
2025-08-27 14:29:22 - INFO - root - app_main.py:39 - 잠금 파일 위치: /Users/meo/Library/Application Support/VibeCulling/vibeculling.lock
2025-08-27 14:29:22 - INFO - root - ui_scale.py:151 - 일반 해상도 감지 (2560x1440). 기본 UI 스케일을 사용합니다.
2025-08-27 14:29:22 - INFO - root - ui_scale.py:151 - 일반 해상도 감지 (2560x1440). 기본 UI 스케일을 사용합니다.
2025-08-27 14:29:22 - INFO - root - ui_scale.py:167 - 시스템 DPI 배율 100% 감지. 폰트 크기 +1 적용.
2025-08-27 14:29:22 - INFO - root - ui_scale.py:167 - 시스템 DPI 배율 100% 감지. 폰트 크기 +1 적용.
2025-08-27 14:29:22 - INFO - root - ui_scale.py:241 - 울트라와이드 화면 감지. 마진 증가.
2025-08-27 14:29:22 - INFO - root - ui_scale.py:241 - 울트라와이드 화면 감지. 마진 증가.
2025-08-27 14:29:22 - INFO - root - ui_scale.py:176 - UI 스케일 초기화 완료: 해상도=2560x1440, 최종 폰트 크기=11
2025-08-27 14:29:22 - INFO - root - ui_scale.py:176 - UI 스케일 초기화 완료: 해상도=2560x1440, 최종 폰트 크기=11
2025-08-27 14:30:42 - INFO - root - __init__.py:127 - VibeCulling 시작 (버전: 25.08.06)
2025-08-27 14:30:42 - INFO - root - __init__.py:127 - VibeCulling 시작 (버전: 25.08.06)
2025-08-27 14:30:42 - INFO - root - __init__.py:127 - VibeCulling 시작 (버전: 25.08.06)
2025-08-27 14:30:42 - INFO - root - app_main.py:25 - HEIF/HEIC 지원이 활성화되었습니다. (main에서 등록)
2025-08-27 14:30:42 - INFO - root - app_main.py:25 - HEIF/HEIC 지원이 활성화되었습니다. (main에서 등록)
2025-08-27 14:30:42 - INFO - root - app_main.py:39 - 잠금 파일 위치: /Users/meo/Library/Application Support/VibeCulling/vibeculling.lock
2025-08-27 14:30:42 - INFO - root - app_main.py:39 - 잠금 파일 위치: /Users/meo/Library/Application Support/VibeCulling/vibeculling.lock
2025-08-27 14:30:43 - INFO - root - ui_scale.py:151 - 일반 해상도 감지 (2560x1440). 기본 UI 스케일을 사용합니다.
2025-08-27 14:30:43 - INFO - root - ui_scale.py:151 - 일반 해상도 감지 (2560x1440). 기본 UI 스케일을 사용합니다.
2025-08-27 14:30:43 - INFO - root - ui_scale.py:167 - 시스템 DPI 배율 100% 감지. 폰트 크기 +1 적용.
2025-08-27 14:30:43 - INFO - root - ui_scale.py:167 - 시스템 DPI 배율 100% 감지. 폰트 크기 +1 적용.
2025-08-27 14:30:43 - INFO - root - ui_scale.py:241 - 울트라와이드 화면 감지. 마진 증가.
2025-08-27 14:30:43 - INFO - root - ui_scale.py:241 - 울트라와이드 화면 감지. 마진 증가.
2025-08-27 14:30:43 - INFO - root - ui_scale.py:176 - UI 스케일 초기화 완료: 해상도=2560x1440, 최종 폰트 크기=11
2025-08-27 14:30:43 - INFO - root - ui_scale.py:176 - UI 스케일 초기화 완료: 해상도=2560x1440, 최종 폰트 크기=11
2025-08-27 14:30:43 - INFO - root - core_controller.py:1035 - 윈도우 아이콘 설정 완료: /Users/meo/VibeCulling/app_icon.icns
2025-08-27 14:30:43 - INFO - root - core_controller.py:1035 - 윈도우 아이콘 설정 완료: /Users/meo/VibeCulling/app_icon.icns
2025-08-27 14:32:02 - INFO - root - __init__.py:127 - VibeCulling 시작 (버전: 25.08.06)
2025-08-27 14:32:02 - INFO - root - __init__.py:127 - VibeCulling 시작 (버전: 25.08.06)
2025-08-27 14:32:02 - INFO - root - __init__.py:127 - VibeCulling 시작 (버전: 25.08.06)
2025-08-27 14:32:02 - INFO - root - app_main.py:25 - HEIF/HEIC 지원이 활성화되었습니다. (main에서 등록)
2025-08-27 14:32:02 - INFO - root - app_main.py:25 - HEIF/HEIC 지원이 활성화되었습니다. (main에서 등록)
2025-08-27 14:32:02 - INFO - root - app_main.py:39 - 잠금 파일 위치: /Users/meo/Library/Application Support/VibeCulling/vibeculling.lock
2025-08-27 14:32:02 - INFO - root - app_main.py:39 - 잠금 파일 위치: /Users/meo/Library/Application Support/VibeCulling/vibeculling.lock
2025-08-27 14:32:02 - INFO - root - ui_scale.py:151 - 일반 해상도 감지 (2560x1440). 기본 UI 스케일을 사용합니다.
2025-08-27 14:32:02 - INFO - root - ui_scale.py:151 - 일반 해상도 감지 (2560x1440). 기본 UI 스케일을 사용합니다.
2025-08-27 14:32:02 - INFO - root - ui_scale.py:167 - 시스템 DPI 배율 100% 감지. 폰트 크기 +1 적용.
2025-08-27 14:32:02 - INFO - root - ui_scale.py:167 - 시스템 DPI 배율 100% 감지. 폰트 크기 +1 적용.
2025-08-27 14:32:02 - INFO - root - ui_scale.py:241 - 울트라와이드 화면 감지. 마진 증가.
2025-08-27 14:32:02 - INFO - root - ui_scale.py:241 - 울트라와이드 화면 감지. 마진 증가.
2025-08-27 14:32:02 - INFO - root - ui_scale.py:176 - UI 스케일 초기화 완료: 해상도=2560x1440, 최종 폰트 크기=11
2025-08-27 14:32:02 - INFO - root - ui_scale.py:176 - UI 스케일 초기화 완료: 해상도=2560x1440, 최종 폰트 크기=11
2025-08-27 14:32:02 - INFO - root - core_controller.py:1039 - 윈도우 아이콘 설정 완료: /Users/meo/VibeCulling/app_icon.icns
2025-08-27 14:32:02 - INFO - root - core_controller.py:1039 - 윈도우 아이콘 설정 완료: /Users/meo/VibeCulling/app_icon.icns
